This file contains any messages produced by compilers while
running configure, to aid debugging if configure makes a mistake.

It was created by configure, which was
generated by GNU Autoconf 2.69.  Invocation command line was

  $ ./configure 

## --------- ##
## Platform. ##
## --------- ##

hostname = ITE00398904
uname -m = i686
uname -r = 1.0.18(0.48/3/2)
uname -s = MINGW32_NT-6.2
uname -v = 2012-11-21 22:34

/usr/bin/uname -p = unknown
/bin/uname -X     = unknown

/bin/arch              = unknown
/usr/bin/arch -k       = unknown
/usr/convex/getsysinfo = unknown
/usr/bin/hostinfo      = unknown
/bin/machine           = unknown
/usr/bin/oslevel       = unknown
/bin/universe          = unknown

PATH: /usr/local/bin
PATH: /usr/local/sbin
PATH: /bin
PATH: /sbin
PATH: /c/MinGW/bin
PATH: /c/MinGW/sbin
PATH: /home/s396454/openjdk-1.7.0/bin
PATH: /c/Users/s396454/Desktop/Vim/vim73
PATH: /opt/schily/bin
PATH: /opt/schily/sbin
PATH: /c/Users/s396454/Desktop/gmp/gimp-2.8/python


## ----------- ##
## Core tests. ##
## ----------- ##

configure:1819: checking for a BSD-compatible install
configure:1887: result: /bin/install -c
configure:1898: checking whether build environment is sane
configure:1948: result: yes
configure:2089: checking for a thread-safe mkdir -p
configure:2128: result: /bin/mkdir -p
configure:2141: checking for gawk
configure:2157: found /bin/gawk
configure:2168: result: gawk
configure:2179: checking whether make sets $(MAKE)
configure:2201: result: yes
configure:2329: checking for gcc
configure:2345: found /c/MinGW/bin/gcc
configure:2356: result: gcc
configure:2585: checking for C compiler version
configure:2594: gcc --version >&5
gcc.exe (GCC) 4.9.3
Copyright (C) 2015 Free Software Foundation, Inc.
This is free software; see the source for copying conditions.  There is NO
warranty; not even for MERCHANTABILITY or FITNESS FOR A PARTICULAR PURPOSE.

configure:2605: $? = 0
configure:2594: gcc -v >&5
Using built-in specs.
COLLECT_GCC=c:\MinGW\bin\gcc.exe
COLLECT_LTO_WRAPPER=c:/mingw/bin/../libexec/gcc/mingw32/4.9.3/lto-wrapper.exe
Target: mingw32
Configured with: ../src/gcc-4.9.3/configure --build=x86_64-pc-linux-gnu --host=mingw32 --prefix=/mingw --disable-win32-registry --target=mingw32 --with-arch=i586 --enable-languages=c,c++,objc,obj-c++,fortran,ada --enable-static --enable-shared --enable-threads --with-dwarf2 --disable-sjlj-exceptions --enable-version-specific-runtime-libs --enable-libstdcxx-debug --with-tune=generic --enable-nls
Thread model: win32
gcc version 4.9.3 (GCC) 
configure:2605: $? = 0
configure:2594: gcc -V >&5
gcc.exe: error: unrecognized command line option '-V'
gcc.exe: fatal error: no input files
compilation terminated.
configure:2605: $? = 1
configure:2594: gcc -qversion >&5
gcc.exe: error: unrecognized command line option '-qversion'
gcc.exe: fatal error: no input files
compilation terminated.
configure:2605: $? = 1
configure:2625: checking whether the C compiler works
configure:2647: gcc    conftest.c  >&5
configure:2651: $? = 0
configure:2699: result: yes
configure:2702: checking for C compiler default output file name
configure:2704: result: a.exe
configure:2710: checking for suffix of executables
configure:2717: gcc -o conftest.exe    conftest.c  >&5
configure:2721: $? = 0
configure:2743: result: .exe
configure:2765: checking whether we are cross compiling
configure:2773: gcc -o conftest.exe    conftest.c  >&5
configure:2777: $? = 0
configure:2784: ./conftest.exe
configure:2788: $? = 0
configure:2803: result: no
configure:2808: checking for suffix of object files
configure:2830: gcc -c   conftest.c >&5
configure:2834: $? = 0
configure:2855: result: o
configure:2859: checking whether we are using the GNU C compiler
configure:2878: gcc -c   conftest.c >&5
configure:2878: $? = 0
configure:2887: result: yes
configure:2896: checking whether gcc accepts -g
configure:2916: gcc -c -g  conftest.c >&5
configure:2916: $? = 0
configure:2957: result: yes
configure:2974: checking for gcc option to accept ISO C89
configure:3037: gcc  -c -g -O2  conftest.c >&5
configure:3037: $? = 0
configure:3050: result: none needed
configure:3081: checking for style of include used by make
configure:3109: result: GNU
configure:3134: checking dependency style of gcc
configure:3244: result: gcc3
configure:3427: creating ./config.status

## ---------------------- ##
## Running config.status. ##
## ---------------------- ##

This file was extended by config.status, which was
generated by GNU Autoconf 2.69.  Invocation command line was

  CONFIG_FILES    = 
  CONFIG_HEADERS  = 
  CONFIG_LINKS    = 
  CONFIG_COMMANDS = 
  $ ./config.status 

on ITE00398904

config.status:768: creating Makefile
config.status:768: creating src/Makefile
config.status:940: executing depfiles commands

## ---------------- ##
## Cache variables. ##
## ---------------- ##

ac_cv_c_compiler_gnu=yes
ac_cv_env_CC_set=
ac_cv_env_CC_value=
ac_cv_env_CFLAGS_set=
ac_cv_env_CFLAGS_value=
ac_cv_env_CPPFLAGS_set=
ac_cv_env_CPPFLAGS_value=
ac_cv_env_LDFLAGS_set=
ac_cv_env_LDFLAGS_value=
ac_cv_env_LIBS_set=
ac_cv_env_LIBS_value=
ac_cv_env_build_alias_set=
ac_cv_env_build_alias_value=
ac_cv_env_host_alias_set=
ac_cv_env_host_alias_value=
ac_cv_env_target_alias_set=
ac_cv_env_target_alias_value=
ac_cv_exeext=.exe
ac_cv_objext=o
ac_cv_path_install='/bin/install -c'
ac_cv_path_mkdir=/bin/mkdir
ac_cv_prog_AWK=gawk
ac_cv_prog_ac_ct_CC=gcc
ac_cv_prog_cc_c89=
ac_cv_prog_cc_g=yes
ac_cv_prog_make_make_set=yes
am_cv_CC_dependencies_compiler_type=gcc3

## ----------------- ##
## Output variables. ##
## ----------------- ##

ACLOCAL='${SHELL} /c/Users/s396454/Desktop/experiment/gen_password/missing --run aclocal-1.11'
AMDEPBACKSLASH='\'
AMDEP_FALSE='#'
AMDEP_TRUE=''
AMTAR='${SHELL} /c/Users/s396454/Desktop/experiment/gen_password/missing --run tar'
AUTOCONF='${SHELL} /c/Users/s396454/Desktop/experiment/gen_password/missing --run autoconf'
AUTOHEADER='${SHELL} /c/Users/s396454/Desktop/experiment/gen_password/missing --run autoheader'
AUTOMAKE='${SHELL} /c/Users/s396454/Desktop/experiment/gen_password/missing --run automake-1.11'
AWK='gawk'
CC='gcc'
CCDEPMODE='depmode=gcc3'
CFLAGS='-g -O2'
CPPFLAGS=''
CYGPATH_W='echo'
DEFS='-DPACKAGE_NAME=\"\" -DPACKAGE_TARNAME=\"\" -DPACKAGE_VERSION=\"\" -DPACKAGE_STRING=\"\" -DPACKAGE_BUGREPORT=\"\" -DPACKAGE_URL=\"\" -DPACKAGE=\"gen\" -DVERSION=\"0.0.1\"'
DEPDIR='.deps'
ECHO_C=''
ECHO_N='-n'
ECHO_T=''
EXEEXT='.exe'
INSTALL_DATA='${INSTALL} -m 644'
INSTALL_PROGRAM='${INSTALL}'
INSTALL_SCRIPT='${INSTALL}'
INSTALL_STRIP_PROGRAM='$(install_sh) -c -s'
LDFLAGS=''
LIBOBJS=''
LIBS=''
LTLIBOBJS=''
MAKEINFO='${SHELL} /c/Users/s396454/Desktop/experiment/gen_password/missing --run makeinfo'
MKDIR_P='/bin/mkdir -p'
OBJEXT='o'
PACKAGE='gen'
PACKAGE_BUGREPORT=''
PACKAGE_NAME=''
PACKAGE_STRING=''
PACKAGE_TARNAME=''
PACKAGE_URL=''
PACKAGE_VERSION=''
PATH_SEPARATOR=':'
SET_MAKE=''
SHELL='/bin/sh'
STRIP=''
VERSION='0.0.1'
ac_ct_CC='gcc'
am__EXEEXT_FALSE='#'
am__EXEEXT_TRUE=''
am__fastdepCC_FALSE='#'
am__fastdepCC_TRUE=''
am__include='include'
am__isrc=''
am__leading_dot='.'
am__quote=''
am__tar='${AMTAR} chof - "$$tardir"'
am__untar='${AMTAR} xf -'
bindir='${exec_prefix}/bin'
build_alias=''
datadir='${datarootdir}'
datarootdir='${prefix}/share'
docdir='${datarootdir}/doc/${PACKAGE}'
dvidir='${docdir}'
exec_prefix='${prefix}'
host_alias=''
htmldir='${docdir}'
includedir='${prefix}/include'
infodir='${datarootdir}/info'
install_sh='${SHELL} /c/Users/s396454/Desktop/experiment/gen_password/install-sh'
libdir='${exec_prefix}/lib'
libexecdir='${exec_prefix}/libexec'
localedir='${datarootdir}/locale'
localstatedir='${prefix}/var'
mandir='${datarootdir}/man'
mkdir_p='/bin/mkdir -p'
oldincludedir='/usr/include'
pdfdir='${docdir}'
prefix='/usr/local'
program_transform_name='s,x,x,'
psdir='${docdir}'
sbindir='${exec_prefix}/sbin'
sharedstatedir='${prefix}/com'
sysconfdir='${prefix}/etc'
target_alias=''

## ----------- ##
## confdefs.h. ##
## ----------- ##

/* confdefs.h */
#define PACKAGE_NAME ""
#define PACKAGE_TARNAME ""
#define PACKAGE_VERSION ""
#define PACKAGE_STRING ""
#define PACKAGE_BUGREPORT ""
#define PACKAGE_URL ""
#define PACKAGE "gen"
#define VERSION "0.0.1"

configure: exit 0
